[15/06/2025 14:37:41] ❌ Thư mục 'Storing/Get_videos' không tồn tại. Đang tạo mới...
[15/06/2025 14:37:41] ❌ Không có video nào được xử lý.
[15/06/2025 14:42:26] ❌ Không có video nào được xử lý.
[15/06/2025 14:43:11] ❌ Không có video nào được xử lý.
[15/06/2025 14:44:13] ❌ Không có video nào được xử lý.
[15/06/2025 14:44:21] ❌ Không có video nào được xử lý.
[15/06/2025 14:46:54] ❌ Không tìm thấy file input_info.txt
[15/06/2025 14:46:54] ✅ Hoàn thành xử lý tất cả video.
[15/06/2025 14:50:10] ❌ Không tìm thấy file input_info.txt
[15/06/2025 14:50:10] ✅ Hoàn thành xử lý tất cả video.
[15/06/2025 14:50:13] ❌ Không tìm thấy file input_info.txt
[15/06/2025 14:50:13] ✅ Hoàn thành xử lý tất cả video.
[15/06/2025 14:50:26] ❌ Không tìm thấy file input_info.txt
[15/06/2025 14:50:26] ✅ Hoàn thành xử lý tất cả video.
[15/06/2025 14:50:58] ❌ Không tìm thấy file input_info.txt
[15/06/2025 14:50:58] ✅ Hoàn thành xử lý tất cả video.
[15/06/2025 14:51:58] ❌ Video không tồn tại: Getting_data_video/34567890_LeMinhC/34567890_LeMinhC.mp4
[15/06/2025 14:51:58] ❌ Video không tồn tại: Getting_data_video/23456789_TranThiB/23456789_TranThiB.mp4
[15/06/2025 14:51:58] ✅ Hoàn thành xử lý tất cả video.
[15/06/2025 14:56:50] ❌ Video không tồn tại: Get_videos/12345678_NguyenVanA/12345678_NguyenVanA.mp4
[15/06/2025 14:56:50] ✅ Hoàn thành xử lý tất cả video.
